<?xml version="1.0" encoding="UTF-8" ?>
<testsuite tests="5" failures="5" name="dao.chuyenDeDAOTest" time="0.089" errors="0" skipped="0">
  <properties>
    <property name="java.runtime.name" value="Java(TM) SE Runtime Environment"/>
    <property name="java.vm.version" value="13.0.2+8"/>
    <property name="sun.boot.library.path" value="C:\Program Files\Java\jdk-13.0.2\bin"/>
    <property name="maven.multiModuleProjectDirectory" value="C:\Users\haunguyen\Documents\NetBeansProjects\polyshop-pro-testings"/>
    <property name="java.vm.vendor" value="Oracle Corporation"/>
    <property name="java.vendor.url" value="https://java.oracle.com/"/>
    <property name="guice.disable.misplaced.annotation.check" value="true"/>
    <property name="path.separator" value=";"/>
    <property name="java.vm.name" value="Java HotSpot(TM) 64-Bit Server VM"/>
    <property name="sun.os.patch.level" value=""/>
    <property name="user.script" value=""/>
    <property name="user.country" value="US"/>
    <property name="sun.java.launcher" value="SUN_STANDARD"/>
    <property name="test" value="dao.chuyenDeDAOTest"/>
    <property name="java.vm.specification.name" value="Java Virtual Machine Specification"/>
    <property name="user.dir" value="C:\Users\haunguyen\Documents\NetBeansProjects\polyshop-pro-testings"/>
    <property name="java.vm.compressedOopsMode" value="32-bit"/>
    <property name="java.runtime.version" value="13.0.2+8"/>
    <property name="os.arch" value="amd64"/>
    <property name="java.io.tmpdir" value="C:\Users\HAUNGU~1\AppData\Local\Temp\"/>
    <property name="line.separator" value="
"/>
    <property name="java.vm.specification.vendor" value="Oracle Corporation"/>
    <property name="user.variant" value=""/>
    <property name="os.name" value="Windows 10"/>
    <property name="maven.ext.class.path" value="C:\Program Files\NetBeans-11.2\netbeans\java\maven-nblib\netbeans-eventspy.jar;C:\Program Files\NetBeans-11.2\netbeans\java\maven-nblib\netbeans-eventspy.jar"/>
    <property name="classworlds.conf" value="C:\Program Files\NetBeans-11.2\netbeans\java\maven\bin\m2.conf"/>
    <property name="sun.jnu.encoding" value="Cp1252"/>
    <property name="java.library.path" value="C:\Program Files\Java\jdk-13.0.2\bin;C:\Windows\Sun\Java\bin;C:\Windows\system32;C:\Windows;C:\Program Files (x86)\Common Files\Oracle\Java\javapath;C:\Windows\system32;C:\Windows;C:\Windows\System32\Wbem;C:\Windows\System32\WindowsPowerShell\v1.0\;C:\Windows\System32\OpenSSH\;C:\Program Files (x86)\ATI Technologies\ATI.ACE\Core-Static;C:\Program Files\nodejs\;C:\Program Files\Microsoft SQL Server\110\Tools\Binn\;C:\Program Files (x86)\Microsoft SQL Server\110\Tools\Binn\;C:\Program Files\Microsoft SQL Server\110\DTS\Binn\;C:\Program Files (x86)\Microsoft SQL Server\110\Tools\Binn\ManagementStudio\;C:\Program Files (x86)\Microsoft Visual Studio 10.0\Common7\IDE\PrivateAssemblies\;C:\Program Files (x86)\Microsoft SQL Server\110\DTS\Binn\;C:\Users\haunguyen\AppData\Local\Microsoft\WindowsApps;C:\Users\haunguyen\AppData\Roaming\npm;C:\Users\haunguyen\AppData\Local\Programs\Microsoft VS Code\bin;."/>
    <property name="jdk.debug" value="release"/>
    <property name="java.class.version" value="57.0"/>
    <property name="java.specification.name" value="Java Platform API Specification"/>
    <property name="sun.management.compiler" value="HotSpot 64-Bit Tiered Compilers"/>
    <property name="os.version" value="10.0"/>
    <property name="user.home" value="C:\Users\haunguyen"/>
    <property name="user.timezone" value="Asia/Hovd"/>
    <property name="file.encoding" value="UTF-8"/>
    <property name="java.specification.version" value="13"/>
    <property name="user.name" value="haunguyen"/>
    <property name="java.class.path" value="C:\Program Files\NetBeans-11.2\netbeans\java\maven\boot\plexus-classworlds-2.5.2.jar"/>
    <property name="java.vm.specification.version" value="13"/>
    <property name="sun.arch.data.model" value="64"/>
    <property name="sun.java.command" value="org.codehaus.plexus.classworlds.launcher.Launcher -Dtest=dao.chuyenDeDAOTest -Dmaven.ext.class.path=C:\Program Files\NetBeans-11.2\netbeans\java\maven-nblib\netbeans-eventspy.jar;C:\Program Files\NetBeans-11.2\netbeans\java\maven-nblib\netbeans-eventspy.jar -Dfile.encoding=UTF-8 test-compile surefire:test"/>
    <property name="java.home" value="C:\Program Files\Java\jdk-13.0.2"/>
    <property name="user.language" value="en"/>
    <property name="java.specification.vendor" value="Oracle Corporation"/>
    <property name="java.vm.info" value="mixed mode, sharing"/>
    <property name="java.version" value="13.0.2"/>
    <property name="java.vendor" value="Oracle Corporation"/>
    <property name="maven.home" value="C:\Program Files\NetBeans-11.2\netbeans\java\maven"/>
    <property name="file.separator" value="\"/>
    <property name="java.version.date" value="2020-01-14"/>
    <property name="java.vendor.url.bug" value="https://bugreport.java.com/bugreport/"/>
    <property name="sun.io.unicode.encoding" value="UnicodeLittle"/>
    <property name="sun.cpu.endian" value="little"/>
    <property name="sun.cpu.isalist" value="amd64"/>
  </properties>
  <testcase classname="dao.chuyenDeDAOTest" name="dao.chuyenDeDAOTest.testFindById" time="0.088">
    <failure type="java.lang.NullPointerException">java.lang.NullPointerException
	at dao.chuyenDeDAO.select(chuyenDeDAO.java:41)
	at dao.chuyenDeDAO.findById(chuyenDeDAO.java:103)
	at dao.chuyenDeDAOTest.testFindById(chuyenDeDAOTest.java:106)
</failure>
    <system-out>findById
</system-out>
    <system-err>Oct 26, 2020 9:42:36 AM helper.jdbcHelper &lt;clinit&gt;
SEVERE: null
java.lang.ClassNotFoundException: com.microsoft.sqlserver.jdbc.SQLServerDriver
	at java.base/jdk.internal.loader.BuiltinClassLoader.loadClass(BuiltinClassLoader.java:602)
	at java.base/jdk.internal.loader.ClassLoaders$AppClassLoader.loadClass(ClassLoaders.java:178)
	at java.base/java.lang.ClassLoader.loadClass(ClassLoader.java:521)
	at java.base/java.lang.Class.forName0(Native Method)
	at java.base/java.lang.Class.forName(Class.java:333)
	at helper.jdbcHelper.&lt;clinit&gt;(jdbcHelper.java:29)
	at dao.chuyenDeDAO.select(chuyenDeDAO.java:36)
	at dao.chuyenDeDAO.findById(chuyenDeDAO.java:103)
	at dao.chuyenDeDAOTest.testFindById(chuyenDeDAOTest.java:106)
	at java.base/jdk.internal.reflect.NativeMethodAccessorImpl.invoke0(Native Method)
	at java.base/jdk.internal.reflect.NativeMethodAccessorImpl.invoke(NativeMethodAccessorImpl.java:62)
	at java.base/jdk.internal.reflect.DelegatingMethodAccessorImpl.invoke(DelegatingMethodAccessorImpl.java:43)
	at java.base/java.lang.reflect.Method.invoke(Method.java:567)
	at org.apache.maven.surefire.junit.PojoTestSet.executeTestMethod(PojoTestSet.java:151)
	at org.apache.maven.surefire.junit.PojoTestSet.executeTestMethods(PojoTestSet.java:102)
	at org.apache.maven.surefire.junit.PojoTestSet.execute(PojoTestSet.java:83)
	at org.apache.maven.surefire.junit.JUnit3Provider.executeTestSet(JUnit3Provider.java:121)
	at org.apache.maven.surefire.junit.JUnit3Provider.invoke(JUnit3Provider.java:98)
	at java.base/jdk.internal.reflect.NativeMethodAccessorImpl.invoke0(Native Method)
	at java.base/jdk.internal.reflect.NativeMethodAccessorImpl.invoke(NativeMethodAccessorImpl.java:62)
	at java.base/jdk.internal.reflect.DelegatingMethodAccessorImpl.invoke(DelegatingMethodAccessorImpl.java:43)
	at java.base/java.lang.reflect.Method.invoke(Method.java:567)
	at org.apache.maven.surefire.util.ReflectionUtils.invokeMethodWithArray(ReflectionUtils.java:189)
	at org.apache.maven.surefire.booter.ProviderFactory$ProviderProxy.invoke(ProviderFactory.java:165)
	at org.apache.maven.surefire.booter.ProviderFactory.invokeProvider(ProviderFactory.java:85)
	at org.apache.maven.surefire.booter.ForkedBooter.runSuitesInProcess(ForkedBooter.java:115)
	at org.apache.maven.surefire.booter.ForkedBooter.main(ForkedBooter.java:75)

</system-err>
  </testcase>
  <testcase classname="dao.chuyenDeDAOTest" name="dao.chuyenDeDAOTest.testInsert" time="0.001">
    <failure type="java.lang.NullPointerException">java.lang.NullPointerException
	at dao.chuyenDeDAO.insert(chuyenDeDAO.java:55)
	at dao.chuyenDeDAOTest.testInsert(chuyenDeDAOTest.java:54)
</failure>
    <system-out>insert
</system-out>
  </testcase>
  <testcase classname="dao.chuyenDeDAOTest" name="dao.chuyenDeDAOTest.testUpdate" time="0">
    <failure type="java.lang.NullPointerException">java.lang.NullPointerException
	at dao.chuyenDeDAO.update(chuyenDeDAO.java:70)
	at dao.chuyenDeDAOTest.testUpdate(chuyenDeDAOTest.java:67)
</failure>
    <system-out>update
</system-out>
  </testcase>
  <testcase classname="dao.chuyenDeDAOTest" name="dao.chuyenDeDAOTest.testSelect" time="0">
    <failure type="java.lang.NullPointerException">java.lang.NullPointerException
	at dao.chuyenDeDAO.select(chuyenDeDAO.java:41)
	at dao.chuyenDeDAO.select(chuyenDeDAO.java:93)
	at dao.chuyenDeDAOTest.testSelect(chuyenDeDAOTest.java:93)
</failure>
    <system-out>select
</system-out>
  </testcase>
  <testcase classname="dao.chuyenDeDAOTest" name="dao.chuyenDeDAOTest.testDelete" time="0">
    <failure message="java.sql.SQLException: No suitable driver found for jdbc:sqlserver://localhost:1433;databaseName=Polypro" type="java.lang.RuntimeException">java.lang.RuntimeException: java.sql.SQLException: No suitable driver found for jdbc:sqlserver://localhost:1433;databaseName=Polypro
	at helper.jdbcHelper.executeUpdate(jdbcHelper.java:70)
	at dao.chuyenDeDAO.delete(chuyenDeDAO.java:84)
	at dao.chuyenDeDAOTest.testDelete(chuyenDeDAOTest.java:80)
Caused by: java.sql.SQLException: No suitable driver found for jdbc:sqlserver://localhost:1433;databaseName=Polypro
	at java.sql/java.sql.DriverManager.getConnection(DriverManager.java:702)
	at java.sql/java.sql.DriverManager.getConnection(DriverManager.java:228)
	at helper.jdbcHelper.preparedStatement(jdbcHelper.java:44)
	at helper.jdbcHelper.executeUpdate(jdbcHelper.java:63)
	... 20 more
</failure>
    <system-out>delete
</system-out>
  </testcase>
</testsuite>